*** Starting uWSGI 1.0.3-debian (64bit) on [Sun Mar 20 19:19:44 2016] ***
compiled with version: 4.6.3 on 17 July 2012 02:26:54
current working directory: /datayes/autoreport
detected binary path: /usr/bin/uwsgi-core
uWSGI running as root, you can use --uid/--gid/--chroot options
*** WARNING: you are running uWSGI as root !!! (use the --uid flag) *** 
your memory page size is 4096 bytes
building mime-types dictionary from file /etc/mime.types...530 entry found
allocated 48800 bytes (47 KB) for 50 cores per worker.
The -s/--socket option is missing and stdin is not a socket.
*** Starting uWSGI 1.0.3-debian (64bit) on [Sun Mar 20 19:27:48 2016] ***
compiled with version: 4.6.3 on 17 July 2012 02:26:54
current working directory: /datayes/autoreport
detected binary path: /usr/bin/uwsgi-core
uWSGI running as root, you can use --uid/--gid/--chroot options
*** WARNING: you are running uWSGI as root !!! (use the --uid flag) *** 
your memory page size is 4096 bytes
building mime-types dictionary from file /etc/mime.types...530 entry found
allocated 1952 bytes (1 KB) for 2 cores per worker.
The -s/--socket option is missing and stdin is not a socket.
*** Starting uWSGI 2.0.12 (64bit) on [Sun Mar 20 19:33:27 2016] ***
compiled with version: 4.6.3 on 20 March 2016 19:29:56
os: Linux-3.11.0-15-generic #25~precise1-Ubuntu SMP Thu Jan 30 17:39:31 UTC 2014
nodename: ubuntu
machine: x86_64
clock source: unix
detected number of CPU cores: 1
current working directory: /datayes/autoreport
detected binary path: /usr/local/bin/uwsgi
!!! no internal routing support, rebuild with pcre support !!!
uWSGI running as root, you can use --uid/--gid/--chroot options
*** WARNING: you are running uWSGI as root !!! (use the --uid flag) *** 
chdir() to .
your processes number limit is 7680
your memory page size is 4096 bytes
detected max file descriptor number: 1024
building mime-types dictionary from file /etc/mime.types...530 entry found
lock engine: pthread robust mutexes
thunder lock: disabled (you can enable it with --thunder-lock)
uWSGI http bound on 0.0.0.0:8001 fd 4
uwsgi socket 0 bound to TCP address 127.0.0.1:55269 (port auto-assigned) fd 3
Python version: 2.7.3 (default, Jun 22 2015, 19:44:33)  [GCC 4.6.3]
Set PythonHome to /datayes/autoreport/
ImportError: No module named site
*** Starting uWSGI 2.0.12 (64bit) on [Sun Mar 20 20:28:29 2016] ***
compiled with version: 4.6.3 on 20 March 2016 19:29:56
os: Linux-3.11.0-15-generic #25~precise1-Ubuntu SMP Thu Jan 30 17:39:31 UTC 2014
nodename: ubuntu
machine: x86_64
clock source: unix
detected number of CPU cores: 1
current working directory: /datayes/autoreport
detected binary path: /usr/local/bin/uwsgi
!!! no internal routing support, rebuild with pcre support !!!
uWSGI running as root, you can use --uid/--gid/--chroot options
*** WARNING: you are running uWSGI as root !!! (use the --uid flag) *** 
chdir() to .
your processes number limit is 7680
your memory page size is 4096 bytes
detected max file descriptor number: 1024
building mime-types dictionary from file /etc/mime.types...530 entry found
lock engine: pthread robust mutexes
thunder lock: disabled (you can enable it with --thunder-lock)
uWSGI http bound on 0.0.0.0:8001 fd 4
uwsgi socket 0 bound to TCP address 127.0.0.1:51937 (port auto-assigned) fd 3
Python version: 2.7.3 (default, Jun 22 2015, 19:44:33)  [GCC 4.6.3]
Set PythonHome to /datayes/autoreport/
ImportError: No module named site
*** Starting uWSGI 2.0.12 (64bit) on [Sun Mar 20 20:29:32 2016] ***
compiled with version: 4.6.3 on 20 March 2016 19:29:56
os: Linux-3.11.0-15-generic #25~precise1-Ubuntu SMP Thu Jan 30 17:39:31 UTC 2014
nodename: ubuntu
machine: x86_64
clock source: unix
detected number of CPU cores: 1
current working directory: /datayes/autoreport
detected binary path: /usr/local/bin/uwsgi
!!! no internal routing support, rebuild with pcre support !!!
uWSGI running as root, you can use --uid/--gid/--chroot options
*** WARNING: you are running uWSGI as root !!! (use the --uid flag) *** 
chdir() to /datayes/autoreport/
your processes number limit is 7680
your memory page size is 4096 bytes
detected max file descriptor number: 1024
building mime-types dictionary from file /etc/mime.types...530 entry found
lock engine: pthread robust mutexes
thunder lock: disabled (you can enable it with --thunder-lock)
uWSGI http bound on 0.0.0.0:8001 fd 4
uwsgi socket 0 bound to TCP address 127.0.0.1:47667 (port auto-assigned) fd 3
Python version: 2.7.3 (default, Jun 22 2015, 19:44:33)  [GCC 4.6.3]
Set PythonHome to /datayes/autoreport/
ImportError: No module named site
*** Starting uWSGI 2.0.12 (64bit) on [Sun Mar 20 20:30:08 2016] ***
compiled with version: 4.6.3 on 20 March 2016 19:29:56
os: Linux-3.11.0-15-generic #25~precise1-Ubuntu SMP Thu Jan 30 17:39:31 UTC 2014
nodename: ubuntu
machine: x86_64
clock source: unix
detected number of CPU cores: 1
current working directory: /datayes/autoreport
detected binary path: /usr/local/bin/uwsgi
!!! no internal routing support, rebuild with pcre support !!!
uWSGI running as root, you can use --uid/--gid/--chroot options
*** WARNING: you are running uWSGI as root !!! (use the --uid flag) *** 
chdir() to /datayes/autoreport/
your processes number limit is 7680
your memory page size is 4096 bytes
detected max file descriptor number: 1024
building mime-types dictionary from file /etc/mime.types...530 entry found
lock engine: pthread robust mutexes
thunder lock: disabled (you can enable it with --thunder-lock)
uWSGI http bound on 0.0.0.0:8001 fd 4
uwsgi socket 0 bound to TCP address 127.0.0.1:43083 (port auto-assigned) fd 3
Python version: 2.7.3 (default, Jun 22 2015, 19:44:33)  [GCC 4.6.3]
Python main interpreter initialized at 0x18a04c0
python threads support enabled
your server socket listen backlog is limited to 100 connections
your mercy for graceful operations on workers is 60 seconds
mapped 249216 bytes (243 KB) for 4 cores
*** Operational MODE: preforking+threaded ***
WSGI app 0 (mountpoint='') ready in 0 seconds on interpreter 0x18a04c0 pid: 38590 (default app)
*** uWSGI is running in multiple interpreter mode ***
spawned uWSGI master process (pid: 38590)
spawned uWSGI worker 1 (pid: 38595, cores: 2)
spawned uWSGI worker 2 (pid: 38596, cores: 2)
spawned uWSGI http 1 (pid: 38597)
[pid: 38596|app: 0|req: 1/1] 192.168.91.1 () {36 vars in 619 bytes} [Mon Mar 21 11:30:36 2016] GET /admin => generated 0 bytes in 59 msecs (HTTP/1.1 301) 3 headers in 148 bytes (1 switches on core 0)
[pid: 38596|app: 0|req: 2/2] 192.168.91.1 () {36 vars in 622 bytes} [Mon Mar 21 11:30:36 2016] GET /admin/ => generated 0 bytes in 35 msecs (HTTP/1.1 302) 7 headers in 281 bytes (1 switches on core 1)
[pid: 38595|app: 0|req: 1/3] 192.168.91.1 () {36 vars in 659 bytes} [Mon Mar 21 11:30:36 2016] GET /admin/login/?next=/admin/ => generated 1919 bytes in 82 msecs (HTTP/1.1 200) 7 headers in 336 bytes (1 switches on core 0)
[pid: 38596|app: -1|req: -1/4] 192.168.91.1 () {38 vars in 696 bytes} [Mon Mar 21 11:30:36 2016] GET /static/admin/css/login.css => generated 940 bytes in 0 msecs via sendfile() (HTTP/1.1 200) 3 headers in 110 bytes (0 switches on core 0)
[pid: 38595|app: -1|req: -1/5] 192.168.91.1 () {38 vars in 694 bytes} [Mon Mar 21 11:30:36 2016] GET /static/admin/css/base.css => generated 14049 bytes in 0 msecs via sendfile() (HTTP/1.1 200) 3 headers in 112 bytes (0 switches on core 1)
[pid: 38595|app: -1|req: -1/6] 192.168.91.1 () {38 vars in 708 bytes} [Mon Mar 21 11:30:36 2016] GET /static/admin/img/nav-bg.gif => generated 265 bytes in 0 msecs via sendfile() (HTTP/1.1 200) 3 headers in 111 bytes (0 switches on core 1)
WARNING 2016-03-21 11:30:36,772 base 38595 139749486147328 Not Found: /favicon.ico
[pid: 38595|app: 0|req: 2/7] 192.168.91.1 () {38 vars in 651 bytes} [Mon Mar 21 11:30:36 2016] GET /favicon.ico => generated 1945 bytes in 8 msecs (HTTP/1.1 404) 2 headers in 80 bytes (1 switches on core 1)
[pid: 38595|app: 0|req: 3/8] 192.168.91.1 () {48 vars in 920 bytes} [Mon Mar 21 11:30:39 2016] POST /admin/login/?next=/admin/ => generated 2052 bytes in 23 msecs (HTTP/1.1 200) 7 headers in 336 bytes (1 switches on core 0)
[pid: 38595|app: -1|req: -1/9] 192.168.91.1 () {38 vars in 716 bytes} [Mon Mar 21 11:30:40 2016] GET /static/admin/img/icon_error.gif => generated 319 bytes in 0 msecs via sendfile() (HTTP/1.1 200) 3 headers in 111 bytes (0 switches on core 1)
[pid: 38595|app: 0|req: 4/10] 192.168.91.1 () {48 vars in 921 bytes} [Mon Mar 21 11:30:43 2016] POST /admin/login/?next=/admin/ => generated 2080 bytes in 121 msecs (HTTP/1.1 200) 7 headers in 336 bytes (1 switches on core 1)
[pid: 38595|app: 0|req: 5/11] 192.168.91.1 () {48 vars in 921 bytes} [Mon Mar 21 11:31:29 2016] POST /admin/login/?next=/admin/ => generated 0 bytes in 159 msecs (HTTP/1.1 302) 9 headers in 515 bytes (1 switches on core 0)
[pid: 38595|app: 0|req: 6/12] 192.168.91.1 () {42 vars in 822 bytes} [Mon Mar 21 11:31:29 2016] GET /admin/ => generated 6498 bytes in 31 msecs (HTTP/1.1 200) 6 headers in 214 bytes (1 switches on core 1)
[pid: 38595|app: -1|req: -1/13] 192.168.91.1 () {38 vars in 729 bytes} [Mon Mar 21 11:31:29 2016] GET /static/admin/css/dashboard.css => generated 434 bytes in 0 msecs via sendfile() (HTTP/1.1 200) 3 headers in 110 bytes (0 switches on core 0)
[pid: 38596|app: -1|req: -1/14] 192.168.91.1 () {38 vars in 764 bytes} [Mon Mar 21 11:31:29 2016] GET /static/admin/img/icon_addlink.gif => generated 119 bytes in 0 msecs via sendfile() (HTTP/1.1 200) 3 headers in 111 bytes (0 switches on core 1)
[pid: 38596|app: -1|req: -1/15] 192.168.91.1 () {38 vars in 770 bytes} [Mon Mar 21 11:31:29 2016] GET /static/admin/img/icon_changelink.gif => generated 119 bytes in 0 msecs via sendfile() (HTTP/1.1 200) 3 headers in 111 bytes (0 switches on core 1)
[pid: 38596|app: -1|req: -1/16] 192.168.91.1 () {38 vars in 770 bytes} [Mon Mar 21 11:31:29 2016] GET /static/admin/img/icon_deletelink.gif => generated 181 bytes in 0 msecs via sendfile() (HTTP/1.1 200) 3 headers in 111 bytes (0 switches on core 1)
[pid: 38596|app: -1|req: -1/17] 192.168.91.1 () {38 vars in 760 bytes} [Mon Mar 21 11:31:29 2016] GET /static/admin/img/default-bg.gif => generated 836 bytes in 0 msecs via sendfile() (HTTP/1.1 200) 3 headers in 111 bytes (0 switches on core 0)
